mode: set
github.com/Aritiaya50217/HospitalMiddlewareSystem/internal/application/usecase/auth/login_usecase.go:17.124,23.2 1 1
github.com/Aritiaya50217/HospitalMiddlewareSystem/internal/application/usecase/auth/login_usecase.go:25.73,27.16 2 1
github.com/Aritiaya50217/HospitalMiddlewareSystem/internal/application/usecase/auth/login_usecase.go:27.16,29.3 1 1
github.com/Aritiaya50217/HospitalMiddlewareSystem/internal/application/usecase/auth/login_usecase.go:31.2,31.99 1 1
github.com/Aritiaya50217/HospitalMiddlewareSystem/internal/application/usecase/auth/login_usecase.go:31.99,33.3 1 1
github.com/Aritiaya50217/HospitalMiddlewareSystem/internal/application/usecase/auth/login_usecase.go:35.2,36.16 2 1
github.com/Aritiaya50217/HospitalMiddlewareSystem/internal/application/usecase/auth/login_usecase.go:36.16,38.3 1 1
github.com/Aritiaya50217/HospitalMiddlewareSystem/internal/application/usecase/auth/login_usecase.go:40.2,46.48 2 1
github.com/Aritiaya50217/HospitalMiddlewareSystem/internal/application/usecase/auth/login_usecase.go:46.48,48.3 1 1
github.com/Aritiaya50217/HospitalMiddlewareSystem/internal/application/usecase/auth/login_usecase.go:50.2,50.48 1 1
github.com/Aritiaya50217/HospitalMiddlewareSystem/internal/application/usecase/patient/search_patient_usecase.go:20.82,22.2 1 1
github.com/Aritiaya50217/HospitalMiddlewareSystem/internal/application/usecase/patient/search_patient_usecase.go:24.175,28.36 1 1
github.com/Aritiaya50217/HospitalMiddlewareSystem/internal/application/usecase/patient/search_patient_usecase.go:28.36,30.3 1 0
github.com/Aritiaya50217/HospitalMiddlewareSystem/internal/application/usecase/patient/search_patient_usecase.go:32.2,32.132 1 1
github.com/Aritiaya50217/HospitalMiddlewareSystem/internal/application/usecase/patient/search_patient_usecase.go:35.92,38.16 2 1
github.com/Aritiaya50217/HospitalMiddlewareSystem/internal/application/usecase/patient/search_patient_usecase.go:38.16,40.3 1 1
github.com/Aritiaya50217/HospitalMiddlewareSystem/internal/application/usecase/patient/search_patient_usecase.go:42.2,42.20 1 1
github.com/Aritiaya50217/HospitalMiddlewareSystem/internal/application/usecase/patient/search_patient_usecase.go:42.20,44.3 1 0
github.com/Aritiaya50217/HospitalMiddlewareSystem/internal/application/usecase/patient/search_patient_usecase.go:46.2,46.21 1 1
github.com/Aritiaya50217/HospitalMiddlewareSystem/internal/application/usecase/staff/create_staff_usecase.go:20.118,22.2 1 1
github.com/Aritiaya50217/HospitalMiddlewareSystem/internal/application/usecase/staff/create_staff_usecase.go:24.74,27.16 2 1
github.com/Aritiaya50217/HospitalMiddlewareSystem/internal/application/usecase/staff/create_staff_usecase.go:27.16,29.3 1 0
github.com/Aritiaya50217/HospitalMiddlewareSystem/internal/application/usecase/staff/create_staff_usecase.go:31.2,31.27 1 1
github.com/Aritiaya50217/HospitalMiddlewareSystem/internal/application/usecase/staff/create_staff_usecase.go:31.27,33.3 1 1
github.com/Aritiaya50217/HospitalMiddlewareSystem/internal/application/usecase/staff/create_staff_usecase.go:36.2,37.16 2 1
github.com/Aritiaya50217/HospitalMiddlewareSystem/internal/application/usecase/staff/create_staff_usecase.go:37.16,39.3 1 1
github.com/Aritiaya50217/HospitalMiddlewareSystem/internal/application/usecase/staff/create_staff_usecase.go:42.2,43.16 2 1
github.com/Aritiaya50217/HospitalMiddlewareSystem/internal/application/usecase/staff/create_staff_usecase.go:43.16,45.3 1 0
github.com/Aritiaya50217/HospitalMiddlewareSystem/internal/application/usecase/staff/create_staff_usecase.go:48.2,55.34 2 1
